<?xml version="1.0" encoding="UTF-8"?>
<!-- Generated by org.testng.reporters.JUnitXMLReporter -->
<testsuite ignored="0" hostname="Amrutha" failures="0" tests="4" name="Test" time="0.034" errors="0" timestamp="10 Apr 2024 12:51:43 GMT">
  <testcase classname="TestNG.DemoTest" name="createTest" time="0.012"/>
  <testcase classname="TestNG.SampleTest" name="test1" time="0.012"/>
  <testcase classname="TestNG.DemoTest" name="editTest" time="0.002"/>
  <testcase classname="TestNG.SampleTest" name="test2" time="0.001"/>
</testsuite> <!-- Test -->
