<?xml version="1.0" encoding="UTF-8"?>
<!-- Generated by org.testng.reporters.JUnitXMLReporter -->
<testsuite ignored="0" hostname="Amrutha" failures="0" tests="7" name="Test1" time="0.016" errors="0" timestamp="10 Apr 2024 12:51:43 GMT">
  <testcase classname="TestNG.PractiseTest" name="practise1" time="0.001"/>
  <testcase classname="TestNG.SampleTest" name="test1" time="0.001"/>
  <testcase classname="TestNG.DemoTest" name="createTest" time="0.003"/>
  <testcase classname="TestNG.SampleTest" name="test2" time="0.002"/>
  <testcase classname="TestNG.PractiseTest" name="practise2" time="0.002"/>
  <testcase classname="TestNG.DemoTest" name="editTest" time="0.001"/>
  <testcase classname="TestNG.PractiseTest" name="practise3" time="0.002"/>
</testsuite> <!-- Test1 -->
